0 info it worked if it ends with ok
1 verbose cli [ '/usr/local/bin/node', '/usr/local/bin/npm', 'start' ]
2 info using npm@3.10.3
3 info using node@v6.4.0
4 verbose run-script [ 'prestart', 'start', 'poststart' ]
5 info lifecycle CrowdFunding@0.0.0~prestart: CrowdFunding@0.0.0
6 silly lifecycle CrowdFunding@0.0.0~prestart: no script for prestart, continuing
7 info lifecycle CrowdFunding@0.0.0~start: CrowdFunding@0.0.0
8 verbose lifecycle CrowdFunding@0.0.0~start: unsafe-perm in lifecycle true
9 verbose lifecycle CrowdFunding@0.0.0~start: PATH: /usr/local/lib/node_modules/npm/bin/node-gyp-bin:/home/krishna/ACADEMICS/SEM(2-1)/SSAD/PROJECT/MAIN/Webapp_project/node_modules/.bin:/usr/local/bin:/usr/lib64/qt-3.3/bin:/usr/lib64/ccache:/usr/local/bin:/usr/local/sbin:/usr/bin:/usr/sbin:/home/krishna/eclipse/jee-mars/eclipse:/home/krishna/Android_all/SDK/platform-tools//home/krishna/Android_all/SDK/tools/:/home/krishna/ACADEMICS/SEM(2-1)/SSAD/PROJECT/node-v6.4.0-linux-x64/bin:/home/krishna/.rbenv/bin:/usr/local/sublime-text-3/sublime_text_3:/home/krishna/.local/bin:/home/krishna/bin:/home/krishna/eclipse/jee-mars/eclipse:/home/krishna/Android_all/SDK/platform-tools//home/krishna/Android_all/SDK/tools/:/home/krishna/ACADEMICS/SEM(2-1)/SSAD/PROJECT/node-v6.4.0-linux-x64/bin:/home/krishna/.rbenv/bin:/usr/local/sublime-text-3/sublime_text_3
10 verbose lifecycle CrowdFunding@0.0.0~start: CWD: /home/krishna/ACADEMICS/SEM(2-1)/SSAD/PROJECT/MAIN/Webapp_project
11 silly lifecycle CrowdFunding@0.0.0~start: Args: [ '-c', 'node src/' ]
12 silly lifecycle CrowdFunding@0.0.0~start: Returned: code: 1  signal: null
13 info lifecycle CrowdFunding@0.0.0~start: Failed to exec start script
14 verbose stack Error: CrowdFunding@0.0.0 start: `node src/`
14 verbose stack Exit status 1
14 verbose stack     at EventEmitter.<anonymous> (/usr/local/lib/node_modules/npm/lib/utils/lifecycle.js:242:16)
14 verbose stack     at emitTwo (events.js:106:13)
14 verbose stack     at EventEmitter.emit (events.js:191:7)
14 verbose stack     at ChildProcess.<anonymous> (/usr/local/lib/node_modules/npm/lib/utils/spawn.js:40:14)
14 verbose stack     at emitTwo (events.js:106:13)
14 verbose stack     at ChildProcess.emit (events.js:191:7)
14 verbose stack     at maybeClose (internal/child_process.js:852:16)
14 verbose stack     at Process.ChildProcess._handle.onexit (internal/child_process.js:215:5)
15 verbose pkgid CrowdFunding@0.0.0
16 verbose cwd /home/krishna/ACADEMICS/SEM(2-1)/SSAD/PROJECT/MAIN/Webapp_project
17 error Linux 4.6.7-200.fc23.x86_64
18 error argv "/usr/local/bin/node" "/usr/local/bin/npm" "start"
19 error node v6.4.0
20 error npm  v3.10.3
21 error code ELIFECYCLE
22 error CrowdFunding@0.0.0 start: `node src/`
22 error Exit status 1
23 error Failed at the CrowdFunding@0.0.0 start script 'node src/'.
23 error Make sure you have the latest version of node.js and npm installed.
23 error If you do, this is most likely a problem with the CrowdFunding package,
23 error not with npm itself.
23 error Tell the author that this fails on your system:
23 error     node src/
23 error You can get information on how to open an issue for this project with:
23 error     npm bugs CrowdFunding
23 error Or if that isn't available, you can get their info via:
23 error     npm owner ls CrowdFunding
23 error There is likely additional logging output above.
24 verbose exit [ 1, true ]
